[2021-12-05 17:58:52,697] DEBUG preRegister called. Server=com.sun.jmx.mbeanserver.JmxMBeanServer@66d3c617, name=log4j:logger=kafka.controller (kafka.controller)
[2021-12-05 18:00:29,978] INFO [ControllerEventThread controllerId=0] Starting (kafka.controller.ControllerEventManager$ControllerEventThread)
[2021-12-05 18:00:30,008] INFO [Controller id=0] 0 successfully elected as the controller. Epoch incremented to 54 and epoch zk version is now 54 (kafka.controller.KafkaController)
[2021-12-05 18:00:30,010] INFO [Controller id=0] Registering handlers (kafka.controller.KafkaController)
[2021-12-05 18:00:30,015] INFO [Controller id=0] Deleting log dir event notifications (kafka.controller.KafkaController)
[2021-12-05 18:00:30,019] INFO [Controller id=0] Deleting isr change notifications (kafka.controller.KafkaController)
[2021-12-05 18:00:30,022] INFO [Controller id=0] Initializing controller context (kafka.controller.KafkaController)
[2021-12-05 18:00:30,050] INFO [Controller id=0] Initialized broker epochs cache: Map(0 -> 1745) (kafka.controller.KafkaController)
[2021-12-05 18:00:30,078] DEBUG [Controller id=0] Register BrokerModifications handler for Set(0) (kafka.controller.KafkaController)
[2021-12-05 18:00:30,104] DEBUG [Channel manager on controller 0]: Controller 0 trying to connect to broker 0 (kafka.controller.ControllerChannelManager)
[2021-12-05 18:00:30,116] INFO [RequestSendThread controllerId=0] Starting (kafka.controller.RequestSendThread)
[2021-12-05 18:00:30,116] INFO [Controller id=0] Currently active brokers in the cluster: Set(0) (kafka.controller.KafkaController)
[2021-12-05 18:00:30,117] INFO [Controller id=0] Currently shutting brokers in the cluster: Set() (kafka.controller.KafkaController)
[2021-12-05 18:00:30,117] INFO [Controller id=0] Current list of topics in the cluster: Set(enviarMapa, respuestaComprobarUsuario, enviarSensor, enviarMovimiento, comprobarUsuario) (kafka.controller.KafkaController)
[2021-12-05 18:00:30,117] INFO [Controller id=0] Fetching topic deletions in progress (kafka.controller.KafkaController)
[2021-12-05 18:00:30,123] INFO [Controller id=0] List of topics to be deleted:  (kafka.controller.KafkaController)
[2021-12-05 18:00:30,123] INFO [Controller id=0] List of topics ineligible for deletion:  (kafka.controller.KafkaController)
[2021-12-05 18:00:30,124] INFO [Controller id=0] Initializing topic deletion manager (kafka.controller.KafkaController)
[2021-12-05 18:00:30,125] INFO [Topic Deletion Manager 0] Initializing manager with initial deletions: Set(), initial ineligible deletions: Set() (kafka.controller.TopicDeletionManager)
[2021-12-05 18:00:30,126] INFO [Controller id=0] Sending update metadata request (kafka.controller.KafkaController)
[2021-12-05 18:00:30,144] INFO [ReplicaStateMachine controllerId=0] Initializing replica state (kafka.controller.ZkReplicaStateMachine)
[2021-12-05 18:00:30,151] INFO [ReplicaStateMachine controllerId=0] Triggering online replica state changes (kafka.controller.ZkReplicaStateMachine)
[2021-12-05 18:00:30,158] INFO [RequestSendThread controllerId=0] Controller 0 connected to Pablo-Bernabeu:9092 (id: 0 rack: null) for sending state change requests (kafka.controller.RequestSendThread)
[2021-12-05 18:00:30,192] INFO [ReplicaStateMachine controllerId=0] Triggering offline replica state changes (kafka.controller.ZkReplicaStateMachine)
[2021-12-05 18:00:30,193] DEBUG [ReplicaStateMachine controllerId=0] Started replica state machine with initial state -> Map([Topic=enviarMovimiento,Partition=0,Replica=0] -> OnlineReplica, [Topic=enviarMapa,Partition=0,Replica=0] -> OnlineReplica, [Topic=respuestaComprobarUsuario,Partition=0,Replica=0] -> OnlineReplica, [Topic=comprobarUsuario,Partition=0,Replica=0] -> OnlineReplica, [Topic=enviarSensor,Partition=0,Replica=0] -> OnlineReplica) (kafka.controller.ZkReplicaStateMachine)
[2021-12-05 18:00:30,194] INFO [PartitionStateMachine controllerId=0] Initializing partition state (kafka.controller.ZkPartitionStateMachine)
[2021-12-05 18:00:30,202] INFO [PartitionStateMachine controllerId=0] Triggering online partition state changes (kafka.controller.ZkPartitionStateMachine)
[2021-12-05 18:00:30,208] DEBUG [PartitionStateMachine controllerId=0] Started partition state machine with initial state -> Map(comprobarUsuario-0 -> OnlinePartition, enviarSensor-0 -> OnlinePartition, respuestaComprobarUsuario-0 -> OnlinePartition, enviarMapa-0 -> OnlinePartition, enviarMovimiento-0 -> OnlinePartition) (kafka.controller.ZkPartitionStateMachine)
[2021-12-05 18:00:30,208] INFO [Controller id=0] Ready to serve as the new controller with epoch 54 (kafka.controller.KafkaController)
[2021-12-05 18:00:30,216] INFO [Controller id=0] Partitions undergoing preferred replica election:  (kafka.controller.KafkaController)
[2021-12-05 18:00:30,217] INFO [Controller id=0] Partitions that completed preferred replica election:  (kafka.controller.KafkaController)
[2021-12-05 18:00:30,217] INFO [Controller id=0] Skipping preferred replica election for partitions due to topic deletion:  (kafka.controller.KafkaController)
[2021-12-05 18:00:30,218] INFO [Controller id=0] Resuming preferred replica election for partitions:  (kafka.controller.KafkaController)
[2021-12-05 18:00:30,220] INFO [Controller id=0] Starting replica leader election (PREFERRED) for partitions  triggered by ZkTriggered (kafka.controller.KafkaController)
[2021-12-05 18:00:30,239] INFO [Controller id=0] Starting the controller scheduler (kafka.controller.KafkaController)
[2021-12-05 18:00:35,244] INFO [Controller id=0] Processing automatic preferred replica leader election (kafka.controller.KafkaController)
[2021-12-05 18:00:35,245] TRACE [Controller id=0] Checking need to trigger auto leader balancing (kafka.controller.KafkaController)
[2021-12-05 18:00:35,248] DEBUG [Controller id=0] Topics not in preferred replica for broker 0 Map() (kafka.controller.KafkaController)
[2021-12-05 18:00:35,249] TRACE [Controller id=0] Leader imbalance ratio for broker 0 is 0.0 (kafka.controller.KafkaController)
[2021-12-05 18:05:35,264] INFO [Controller id=0] Processing automatic preferred replica leader election (kafka.controller.KafkaController)
[2021-12-05 18:05:35,265] TRACE [Controller id=0] Checking need to trigger auto leader balancing (kafka.controller.KafkaController)
[2021-12-05 18:05:35,265] DEBUG [Controller id=0] Topics not in preferred replica for broker 0 Map() (kafka.controller.KafkaController)
[2021-12-05 18:05:35,265] TRACE [Controller id=0] Leader imbalance ratio for broker 0 is 0.0 (kafka.controller.KafkaController)
[2021-12-05 18:10:35,280] INFO [Controller id=0] Processing automatic preferred replica leader election (kafka.controller.KafkaController)
[2021-12-05 18:10:35,280] TRACE [Controller id=0] Checking need to trigger auto leader balancing (kafka.controller.KafkaController)
[2021-12-05 18:10:35,281] DEBUG [Controller id=0] Topics not in preferred replica for broker 0 Map() (kafka.controller.KafkaController)
[2021-12-05 18:10:35,281] TRACE [Controller id=0] Leader imbalance ratio for broker 0 is 0.0 (kafka.controller.KafkaController)
[2021-12-05 18:15:35,285] INFO [Controller id=0] Processing automatic preferred replica leader election (kafka.controller.KafkaController)
[2021-12-05 18:15:35,285] TRACE [Controller id=0] Checking need to trigger auto leader balancing (kafka.controller.KafkaController)
[2021-12-05 18:15:35,286] DEBUG [Controller id=0] Topics not in preferred replica for broker 0 Map() (kafka.controller.KafkaController)
[2021-12-05 18:15:35,286] TRACE [Controller id=0] Leader imbalance ratio for broker 0 is 0.0 (kafka.controller.KafkaController)
[2021-12-05 18:20:35,289] INFO [Controller id=0] Processing automatic preferred replica leader election (kafka.controller.KafkaController)
[2021-12-05 18:20:35,289] TRACE [Controller id=0] Checking need to trigger auto leader balancing (kafka.controller.KafkaController)
[2021-12-05 18:20:35,290] DEBUG [Controller id=0] Topics not in preferred replica for broker 0 Map() (kafka.controller.KafkaController)
[2021-12-05 18:20:35,290] TRACE [Controller id=0] Leader imbalance ratio for broker 0 is 0.0 (kafka.controller.KafkaController)
[2021-12-05 18:25:35,299] INFO [Controller id=0] Processing automatic preferred replica leader election (kafka.controller.KafkaController)
[2021-12-05 18:25:35,299] TRACE [Controller id=0] Checking need to trigger auto leader balancing (kafka.controller.KafkaController)
[2021-12-05 18:25:35,299] DEBUG [Controller id=0] Topics not in preferred replica for broker 0 Map() (kafka.controller.KafkaController)
[2021-12-05 18:25:35,299] TRACE [Controller id=0] Leader imbalance ratio for broker 0 is 0.0 (kafka.controller.KafkaController)
[2021-12-05 18:30:35,313] INFO [Controller id=0] Processing automatic preferred replica leader election (kafka.controller.KafkaController)
[2021-12-05 18:30:35,313] TRACE [Controller id=0] Checking need to trigger auto leader balancing (kafka.controller.KafkaController)
[2021-12-05 18:30:35,313] DEBUG [Controller id=0] Topics not in preferred replica for broker 0 Map() (kafka.controller.KafkaController)
[2021-12-05 18:30:35,313] TRACE [Controller id=0] Leader imbalance ratio for broker 0 is 0.0 (kafka.controller.KafkaController)
[2021-12-05 18:35:35,315] INFO [Controller id=0] Processing automatic preferred replica leader election (kafka.controller.KafkaController)
[2021-12-05 18:35:35,315] TRACE [Controller id=0] Checking need to trigger auto leader balancing (kafka.controller.KafkaController)
[2021-12-05 18:35:35,315] DEBUG [Controller id=0] Topics not in preferred replica for broker 0 Map() (kafka.controller.KafkaController)
[2021-12-05 18:35:35,315] TRACE [Controller id=0] Leader imbalance ratio for broker 0 is 0.0 (kafka.controller.KafkaController)
[2021-12-05 18:40:35,318] INFO [Controller id=0] Processing automatic preferred replica leader election (kafka.controller.KafkaController)
[2021-12-05 18:40:35,318] TRACE [Controller id=0] Checking need to trigger auto leader balancing (kafka.controller.KafkaController)
[2021-12-05 18:40:35,319] DEBUG [Controller id=0] Topics not in preferred replica for broker 0 Map() (kafka.controller.KafkaController)
[2021-12-05 18:40:35,319] TRACE [Controller id=0] Leader imbalance ratio for broker 0 is 0.0 (kafka.controller.KafkaController)
[2021-12-05 18:45:35,322] INFO [Controller id=0] Processing automatic preferred replica leader election (kafka.controller.KafkaController)
[2021-12-05 18:45:35,322] TRACE [Controller id=0] Checking need to trigger auto leader balancing (kafka.controller.KafkaController)
[2021-12-05 18:45:35,322] DEBUG [Controller id=0] Topics not in preferred replica for broker 0 Map() (kafka.controller.KafkaController)
[2021-12-05 18:45:35,323] TRACE [Controller id=0] Leader imbalance ratio for broker 0 is 0.0 (kafka.controller.KafkaController)
[2021-12-05 18:50:35,340] INFO [Controller id=0] Processing automatic preferred replica leader election (kafka.controller.KafkaController)
[2021-12-05 18:50:35,340] TRACE [Controller id=0] Checking need to trigger auto leader balancing (kafka.controller.KafkaController)
[2021-12-05 18:50:35,341] DEBUG [Controller id=0] Topics not in preferred replica for broker 0 Map() (kafka.controller.KafkaController)
[2021-12-05 18:50:35,341] TRACE [Controller id=0] Leader imbalance ratio for broker 0 is 0.0 (kafka.controller.KafkaController)
[2021-12-05 18:55:35,343] INFO [Controller id=0] Processing automatic preferred replica leader election (kafka.controller.KafkaController)
[2021-12-05 18:55:35,343] TRACE [Controller id=0] Checking need to trigger auto leader balancing (kafka.controller.KafkaController)
[2021-12-05 18:55:35,344] DEBUG [Controller id=0] Topics not in preferred replica for broker 0 Map() (kafka.controller.KafkaController)
[2021-12-05 18:55:35,344] TRACE [Controller id=0] Leader imbalance ratio for broker 0 is 0.0 (kafka.controller.KafkaController)
[2021-12-05 19:00:35,354] INFO [Controller id=0] Processing automatic preferred replica leader election (kafka.controller.KafkaController)
[2021-12-05 19:00:35,357] TRACE [Controller id=0] Checking need to trigger auto leader balancing (kafka.controller.KafkaController)
[2021-12-05 19:00:35,357] DEBUG [Controller id=0] Topics not in preferred replica for broker 0 Map() (kafka.controller.KafkaController)
[2021-12-05 19:00:35,357] TRACE [Controller id=0] Leader imbalance ratio for broker 0 is 0.0 (kafka.controller.KafkaController)
[2021-12-05 19:05:35,360] INFO [Controller id=0] Processing automatic preferred replica leader election (kafka.controller.KafkaController)
[2021-12-05 19:05:35,360] TRACE [Controller id=0] Checking need to trigger auto leader balancing (kafka.controller.KafkaController)
[2021-12-05 19:05:35,361] DEBUG [Controller id=0] Topics not in preferred replica for broker 0 Map() (kafka.controller.KafkaController)
[2021-12-05 19:05:35,361] TRACE [Controller id=0] Leader imbalance ratio for broker 0 is 0.0 (kafka.controller.KafkaController)
[2021-12-05 19:10:35,366] INFO [Controller id=0] Processing automatic preferred replica leader election (kafka.controller.KafkaController)
[2021-12-05 19:10:35,366] TRACE [Controller id=0] Checking need to trigger auto leader balancing (kafka.controller.KafkaController)
[2021-12-05 19:10:35,367] DEBUG [Controller id=0] Topics not in preferred replica for broker 0 Map() (kafka.controller.KafkaController)
[2021-12-05 19:10:35,367] TRACE [Controller id=0] Leader imbalance ratio for broker 0 is 0.0 (kafka.controller.KafkaController)
[2021-12-05 19:15:35,380] INFO [Controller id=0] Processing automatic preferred replica leader election (kafka.controller.KafkaController)
[2021-12-05 19:15:35,380] TRACE [Controller id=0] Checking need to trigger auto leader balancing (kafka.controller.KafkaController)
[2021-12-05 19:15:35,380] DEBUG [Controller id=0] Topics not in preferred replica for broker 0 Map() (kafka.controller.KafkaController)
[2021-12-05 19:15:35,380] TRACE [Controller id=0] Leader imbalance ratio for broker 0 is 0.0 (kafka.controller.KafkaController)
[2021-12-05 19:20:35,383] INFO [Controller id=0] Processing automatic preferred replica leader election (kafka.controller.KafkaController)
[2021-12-05 19:20:35,383] TRACE [Controller id=0] Checking need to trigger auto leader balancing (kafka.controller.KafkaController)
[2021-12-05 19:20:35,384] DEBUG [Controller id=0] Topics not in preferred replica for broker 0 Map() (kafka.controller.KafkaController)
[2021-12-05 19:20:35,384] TRACE [Controller id=0] Leader imbalance ratio for broker 0 is 0.0 (kafka.controller.KafkaController)
[2021-12-05 19:23:43,438] DEBUG preRegister called. Server=com.sun.jmx.mbeanserver.JmxMBeanServer@66d3c617, name=log4j:logger=kafka.controller (kafka.controller)
[2021-12-05 19:24:24,815] INFO [ControllerEventThread controllerId=0] Starting (kafka.controller.ControllerEventManager$ControllerEventThread)
[2021-12-05 19:24:24,842] INFO [Controller id=0] 0 successfully elected as the controller. Epoch incremented to 55 and epoch zk version is now 55 (kafka.controller.KafkaController)
[2021-12-05 19:24:24,844] INFO [Controller id=0] Registering handlers (kafka.controller.KafkaController)
[2021-12-05 19:24:24,850] INFO [Controller id=0] Deleting log dir event notifications (kafka.controller.KafkaController)
[2021-12-05 19:24:24,854] INFO [Controller id=0] Deleting isr change notifications (kafka.controller.KafkaController)
[2021-12-05 19:24:24,856] INFO [Controller id=0] Initializing controller context (kafka.controller.KafkaController)
[2021-12-05 19:24:24,886] INFO [Controller id=0] Initialized broker epochs cache: Map(0 -> 1765) (kafka.controller.KafkaController)
[2021-12-05 19:24:24,918] DEBUG [Controller id=0] Register BrokerModifications handler for Set(0) (kafka.controller.KafkaController)
[2021-12-05 19:24:24,936] DEBUG [Channel manager on controller 0]: Controller 0 trying to connect to broker 0 (kafka.controller.ControllerChannelManager)
[2021-12-05 19:24:24,946] INFO [RequestSendThread controllerId=0] Starting (kafka.controller.RequestSendThread)
[2021-12-05 19:24:24,946] INFO [Controller id=0] Currently active brokers in the cluster: Set(0) (kafka.controller.KafkaController)
[2021-12-05 19:24:24,947] INFO [Controller id=0] Currently shutting brokers in the cluster: Set() (kafka.controller.KafkaController)
[2021-12-05 19:24:24,947] INFO [Controller id=0] Current list of topics in the cluster: Set(enviarMapa, respuestaComprobarUsuario, enviarSensor, enviarMovimiento, comprobarUsuario) (kafka.controller.KafkaController)
[2021-12-05 19:24:24,947] INFO [Controller id=0] Fetching topic deletions in progress (kafka.controller.KafkaController)
[2021-12-05 19:24:24,952] INFO [Controller id=0] List of topics to be deleted:  (kafka.controller.KafkaController)
[2021-12-05 19:24:24,953] INFO [Controller id=0] List of topics ineligible for deletion:  (kafka.controller.KafkaController)
[2021-12-05 19:24:24,953] INFO [Controller id=0] Initializing topic deletion manager (kafka.controller.KafkaController)
[2021-12-05 19:24:24,954] INFO [Topic Deletion Manager 0] Initializing manager with initial deletions: Set(), initial ineligible deletions: Set() (kafka.controller.TopicDeletionManager)
[2021-12-05 19:24:24,955] INFO [Controller id=0] Sending update metadata request (kafka.controller.KafkaController)
[2021-12-05 19:24:24,974] INFO [ReplicaStateMachine controllerId=0] Initializing replica state (kafka.controller.ZkReplicaStateMachine)
[2021-12-05 19:24:24,981] INFO [ReplicaStateMachine controllerId=0] Triggering online replica state changes (kafka.controller.ZkReplicaStateMachine)
[2021-12-05 19:24:24,987] INFO [RequestSendThread controllerId=0] Controller 0 connected to Pablo-Bernabeu:9092 (id: 0 rack: null) for sending state change requests (kafka.controller.RequestSendThread)
[2021-12-05 19:24:25,011] INFO [ReplicaStateMachine controllerId=0] Triggering offline replica state changes (kafka.controller.ZkReplicaStateMachine)
[2021-12-05 19:24:25,012] DEBUG [ReplicaStateMachine controllerId=0] Started replica state machine with initial state -> Map([Topic=enviarMovimiento,Partition=0,Replica=0] -> OnlineReplica, [Topic=enviarMapa,Partition=0,Replica=0] -> OnlineReplica, [Topic=respuestaComprobarUsuario,Partition=0,Replica=0] -> OnlineReplica, [Topic=comprobarUsuario,Partition=0,Replica=0] -> OnlineReplica, [Topic=enviarSensor,Partition=0,Replica=0] -> OnlineReplica) (kafka.controller.ZkReplicaStateMachine)
[2021-12-05 19:24:25,012] INFO [PartitionStateMachine controllerId=0] Initializing partition state (kafka.controller.ZkPartitionStateMachine)
[2021-12-05 19:24:25,016] INFO [PartitionStateMachine controllerId=0] Triggering online partition state changes (kafka.controller.ZkPartitionStateMachine)
[2021-12-05 19:24:25,019] DEBUG [PartitionStateMachine controllerId=0] Started partition state machine with initial state -> Map(comprobarUsuario-0 -> OnlinePartition, enviarSensor-0 -> OnlinePartition, respuestaComprobarUsuario-0 -> OnlinePartition, enviarMapa-0 -> OnlinePartition, enviarMovimiento-0 -> OnlinePartition) (kafka.controller.ZkPartitionStateMachine)
[2021-12-05 19:24:25,019] INFO [Controller id=0] Ready to serve as the new controller with epoch 55 (kafka.controller.KafkaController)
[2021-12-05 19:24:25,031] INFO [Controller id=0] Partitions undergoing preferred replica election:  (kafka.controller.KafkaController)
[2021-12-05 19:24:25,031] INFO [Controller id=0] Partitions that completed preferred replica election:  (kafka.controller.KafkaController)
[2021-12-05 19:24:25,032] INFO [Controller id=0] Skipping preferred replica election for partitions due to topic deletion:  (kafka.controller.KafkaController)
[2021-12-05 19:24:25,032] INFO [Controller id=0] Resuming preferred replica election for partitions:  (kafka.controller.KafkaController)
[2021-12-05 19:24:25,035] INFO [Controller id=0] Starting replica leader election (PREFERRED) for partitions  triggered by ZkTriggered (kafka.controller.KafkaController)
[2021-12-05 19:24:25,051] INFO [Controller id=0] Starting the controller scheduler (kafka.controller.KafkaController)
[2021-12-05 19:24:30,065] INFO [Controller id=0] Processing automatic preferred replica leader election (kafka.controller.KafkaController)
[2021-12-05 19:24:30,066] TRACE [Controller id=0] Checking need to trigger auto leader balancing (kafka.controller.KafkaController)
[2021-12-05 19:24:30,068] DEBUG [Controller id=0] Topics not in preferred replica for broker 0 Map() (kafka.controller.KafkaController)
[2021-12-05 19:24:30,069] TRACE [Controller id=0] Leader imbalance ratio for broker 0 is 0.0 (kafka.controller.KafkaController)
[2021-12-05 19:29:30,078] INFO [Controller id=0] Processing automatic preferred replica leader election (kafka.controller.KafkaController)
[2021-12-05 19:29:30,078] TRACE [Controller id=0] Checking need to trigger auto leader balancing (kafka.controller.KafkaController)
[2021-12-05 19:29:30,078] DEBUG [Controller id=0] Topics not in preferred replica for broker 0 Map() (kafka.controller.KafkaController)
[2021-12-05 19:29:30,078] TRACE [Controller id=0] Leader imbalance ratio for broker 0 is 0.0 (kafka.controller.KafkaController)
[2021-12-05 19:34:30,088] INFO [Controller id=0] Processing automatic preferred replica leader election (kafka.controller.KafkaController)
[2021-12-05 19:34:30,088] TRACE [Controller id=0] Checking need to trigger auto leader balancing (kafka.controller.KafkaController)
[2021-12-05 19:34:30,089] DEBUG [Controller id=0] Topics not in preferred replica for broker 0 Map() (kafka.controller.KafkaController)
[2021-12-05 19:34:30,089] TRACE [Controller id=0] Leader imbalance ratio for broker 0 is 0.0 (kafka.controller.KafkaController)
[2021-12-05 19:39:30,105] INFO [Controller id=0] Processing automatic preferred replica leader election (kafka.controller.KafkaController)
[2021-12-05 19:39:30,105] TRACE [Controller id=0] Checking need to trigger auto leader balancing (kafka.controller.KafkaController)
[2021-12-05 19:39:30,106] DEBUG [Controller id=0] Topics not in preferred replica for broker 0 Map() (kafka.controller.KafkaController)
[2021-12-05 19:39:30,106] TRACE [Controller id=0] Leader imbalance ratio for broker 0 is 0.0 (kafka.controller.KafkaController)
[2021-12-05 19:44:30,120] INFO [Controller id=0] Processing automatic preferred replica leader election (kafka.controller.KafkaController)
[2021-12-05 19:44:30,120] TRACE [Controller id=0] Checking need to trigger auto leader balancing (kafka.controller.KafkaController)
[2021-12-05 19:44:30,120] DEBUG [Controller id=0] Topics not in preferred replica for broker 0 Map() (kafka.controller.KafkaController)
[2021-12-05 19:44:30,120] TRACE [Controller id=0] Leader imbalance ratio for broker 0 is 0.0 (kafka.controller.KafkaController)
[2021-12-05 19:49:30,123] INFO [Controller id=0] Processing automatic preferred replica leader election (kafka.controller.KafkaController)
[2021-12-05 19:49:30,123] TRACE [Controller id=0] Checking need to trigger auto leader balancing (kafka.controller.KafkaController)
[2021-12-05 19:49:30,124] DEBUG [Controller id=0] Topics not in preferred replica for broker 0 Map() (kafka.controller.KafkaController)
[2021-12-05 19:49:30,124] TRACE [Controller id=0] Leader imbalance ratio for broker 0 is 0.0 (kafka.controller.KafkaController)
[2021-12-05 19:54:30,135] INFO [Controller id=0] Processing automatic preferred replica leader election (kafka.controller.KafkaController)
[2021-12-05 19:54:30,135] TRACE [Controller id=0] Checking need to trigger auto leader balancing (kafka.controller.KafkaController)
[2021-12-05 19:54:30,135] DEBUG [Controller id=0] Topics not in preferred replica for broker 0 Map() (kafka.controller.KafkaController)
[2021-12-05 19:54:30,135] TRACE [Controller id=0] Leader imbalance ratio for broker 0 is 0.0 (kafka.controller.KafkaController)
[2021-12-05 19:59:30,136] INFO [Controller id=0] Processing automatic preferred replica leader election (kafka.controller.KafkaController)
[2021-12-05 19:59:30,136] TRACE [Controller id=0] Checking need to trigger auto leader balancing (kafka.controller.KafkaController)
[2021-12-05 19:59:30,137] DEBUG [Controller id=0] Topics not in preferred replica for broker 0 Map() (kafka.controller.KafkaController)
[2021-12-05 19:59:30,137] TRACE [Controller id=0] Leader imbalance ratio for broker 0 is 0.0 (kafka.controller.KafkaController)
[2021-12-05 20:04:30,144] INFO [Controller id=0] Processing automatic preferred replica leader election (kafka.controller.KafkaController)
[2021-12-05 20:04:30,146] TRACE [Controller id=0] Checking need to trigger auto leader balancing (kafka.controller.KafkaController)
[2021-12-05 20:04:30,146] DEBUG [Controller id=0] Topics not in preferred replica for broker 0 Map() (kafka.controller.KafkaController)
[2021-12-05 20:04:30,146] TRACE [Controller id=0] Leader imbalance ratio for broker 0 is 0.0 (kafka.controller.KafkaController)
[2021-12-05 20:09:30,151] INFO [Controller id=0] Processing automatic preferred replica leader election (kafka.controller.KafkaController)
[2021-12-05 20:09:30,151] TRACE [Controller id=0] Checking need to trigger auto leader balancing (kafka.controller.KafkaController)
[2021-12-05 20:09:30,152] DEBUG [Controller id=0] Topics not in preferred replica for broker 0 Map() (kafka.controller.KafkaController)
[2021-12-05 20:09:30,152] TRACE [Controller id=0] Leader imbalance ratio for broker 0 is 0.0 (kafka.controller.KafkaController)
[2021-12-05 20:14:30,153] INFO [Controller id=0] Processing automatic preferred replica leader election (kafka.controller.KafkaController)
[2021-12-05 20:14:30,153] TRACE [Controller id=0] Checking need to trigger auto leader balancing (kafka.controller.KafkaController)
[2021-12-05 20:14:30,154] DEBUG [Controller id=0] Topics not in preferred replica for broker 0 Map() (kafka.controller.KafkaController)
[2021-12-05 20:14:30,154] TRACE [Controller id=0] Leader imbalance ratio for broker 0 is 0.0 (kafka.controller.KafkaController)
[2021-12-05 20:19:30,159] INFO [Controller id=0] Processing automatic preferred replica leader election (kafka.controller.KafkaController)
[2021-12-05 20:19:30,159] TRACE [Controller id=0] Checking need to trigger auto leader balancing (kafka.controller.KafkaController)
[2021-12-05 20:19:30,160] DEBUG [Controller id=0] Topics not in preferred replica for broker 0 Map() (kafka.controller.KafkaController)
[2021-12-05 20:19:30,160] TRACE [Controller id=0] Leader imbalance ratio for broker 0 is 0.0 (kafka.controller.KafkaController)
[2021-12-05 20:24:30,160] INFO [Controller id=0] Processing automatic preferred replica leader election (kafka.controller.KafkaController)
[2021-12-05 20:24:30,160] TRACE [Controller id=0] Checking need to trigger auto leader balancing (kafka.controller.KafkaController)
[2021-12-05 20:24:30,161] DEBUG [Controller id=0] Topics not in preferred replica for broker 0 Map() (kafka.controller.KafkaController)
[2021-12-05 20:24:30,161] TRACE [Controller id=0] Leader imbalance ratio for broker 0 is 0.0 (kafka.controller.KafkaController)
[2021-12-05 20:29:30,168] INFO [Controller id=0] Processing automatic preferred replica leader election (kafka.controller.KafkaController)
[2021-12-05 20:29:30,168] TRACE [Controller id=0] Checking need to trigger auto leader balancing (kafka.controller.KafkaController)
[2021-12-05 20:29:30,168] DEBUG [Controller id=0] Topics not in preferred replica for broker 0 Map() (kafka.controller.KafkaController)
[2021-12-05 20:29:30,168] TRACE [Controller id=0] Leader imbalance ratio for broker 0 is 0.0 (kafka.controller.KafkaController)
