[2021-11-06 12:03:30,550] INFO Starting the log cleaner (kafka.log.LogCleaner)
[2021-11-06 12:03:30,610] INFO [kafka-log-cleaner-thread-0]: Starting (kafka.log.LogCleaner)
[2021-11-17 21:03:55,644] INFO Starting the log cleaner (kafka.log.LogCleaner)
[2021-11-17 21:03:55,781] INFO [kafka-log-cleaner-thread-0]: Starting (kafka.log.LogCleaner)
[2021-11-17 21:04:52,912] INFO Starting the log cleaner (kafka.log.LogCleaner)
[2021-11-17 21:04:52,986] INFO [kafka-log-cleaner-thread-0]: Starting (kafka.log.LogCleaner)
[2021-11-17 21:08:21,423] INFO Starting the log cleaner (kafka.log.LogCleaner)
[2021-11-17 21:08:21,499] INFO [kafka-log-cleaner-thread-0]: Starting (kafka.log.LogCleaner)
[2021-11-17 21:10:27,223] INFO Starting the log cleaner (kafka.log.LogCleaner)
[2021-11-17 21:10:27,317] INFO [kafka-log-cleaner-thread-0]: Starting (kafka.log.LogCleaner)
[2021-11-27 12:04:36,378] INFO Starting the log cleaner (kafka.log.LogCleaner)
[2021-11-27 12:04:36,459] INFO [kafka-log-cleaner-thread-0]: Starting (kafka.log.LogCleaner)
[2021-11-27 12:04:42,476] INFO Shutting down the log cleaner. (kafka.log.LogCleaner)
[2021-11-27 12:04:42,477] INFO [kafka-log-cleaner-thread-0]: Shutting down (kafka.log.LogCleaner)
[2021-11-27 12:04:42,477] INFO [kafka-log-cleaner-thread-0]: Stopped (kafka.log.LogCleaner)
[2021-11-27 12:04:42,477] INFO [kafka-log-cleaner-thread-0]: Shutdown completed (kafka.log.LogCleaner)
[2021-11-27 12:07:38,658] INFO Starting the log cleaner (kafka.log.LogCleaner)
[2021-11-27 12:07:38,760] INFO [kafka-log-cleaner-thread-0]: Starting (kafka.log.LogCleaner)
[2021-11-27 12:09:24,209] INFO Starting the log cleaner (kafka.log.LogCleaner)
[2021-11-27 12:09:24,285] INFO [kafka-log-cleaner-thread-0]: Starting (kafka.log.LogCleaner)
[2021-11-29 13:49:55,916] INFO Starting the log cleaner (kafka.log.LogCleaner)
[2021-11-29 13:49:56,038] INFO [kafka-log-cleaner-thread-0]: Starting (kafka.log.LogCleaner)
[2021-11-29 16:27:46,822] INFO Starting the log cleaner (kafka.log.LogCleaner)
[2021-11-29 16:27:46,949] INFO [kafka-log-cleaner-thread-0]: Starting (kafka.log.LogCleaner)
[2021-11-29 16:27:53,430] INFO Shutting down the log cleaner. (kafka.log.LogCleaner)
[2021-11-29 16:27:53,431] INFO [kafka-log-cleaner-thread-0]: Shutting down (kafka.log.LogCleaner)
[2021-11-29 16:27:53,432] INFO [kafka-log-cleaner-thread-0]: Stopped (kafka.log.LogCleaner)
[2021-11-29 16:27:53,432] INFO [kafka-log-cleaner-thread-0]: Shutdown completed (kafka.log.LogCleaner)
[2021-11-29 16:28:43,427] INFO Starting the log cleaner (kafka.log.LogCleaner)
[2021-11-29 16:28:43,545] INFO [kafka-log-cleaner-thread-0]: Starting (kafka.log.LogCleaner)
[2021-11-30 15:19:59,353] INFO Starting the log cleaner (kafka.log.LogCleaner)
[2021-11-30 15:19:59,486] INFO [kafka-log-cleaner-thread-0]: Starting (kafka.log.LogCleaner)
[2021-11-30 15:20:01,717] INFO Shutting down the log cleaner. (kafka.log.LogCleaner)
[2021-11-30 15:20:01,717] INFO [kafka-log-cleaner-thread-0]: Shutting down (kafka.log.LogCleaner)
[2021-11-30 15:20:01,718] INFO [kafka-log-cleaner-thread-0]: Stopped (kafka.log.LogCleaner)
[2021-11-30 15:20:01,718] INFO [kafka-log-cleaner-thread-0]: Shutdown completed (kafka.log.LogCleaner)
[2021-11-30 15:20:57,810] INFO Starting the log cleaner (kafka.log.LogCleaner)
[2021-11-30 15:20:57,920] INFO [kafka-log-cleaner-thread-0]: Starting (kafka.log.LogCleaner)
[2021-11-30 16:50:14,478] INFO Starting the log cleaner (kafka.log.LogCleaner)
[2021-11-30 16:50:14,591] INFO [kafka-log-cleaner-thread-0]: Starting (kafka.log.LogCleaner)
[2021-11-30 16:50:16,095] INFO Shutting down the log cleaner. (kafka.log.LogCleaner)
[2021-11-30 16:50:16,096] INFO [kafka-log-cleaner-thread-0]: Shutting down (kafka.log.LogCleaner)
[2021-11-30 16:50:16,096] INFO [kafka-log-cleaner-thread-0]: Stopped (kafka.log.LogCleaner)
[2021-11-30 16:50:16,096] INFO [kafka-log-cleaner-thread-0]: Shutdown completed (kafka.log.LogCleaner)
[2021-11-30 16:50:25,905] INFO Starting the log cleaner (kafka.log.LogCleaner)
[2021-11-30 16:50:25,976] INFO [kafka-log-cleaner-thread-0]: Starting (kafka.log.LogCleaner)
[2021-11-30 16:50:27,547] INFO Shutting down the log cleaner. (kafka.log.LogCleaner)
[2021-11-30 16:50:27,548] INFO [kafka-log-cleaner-thread-0]: Shutting down (kafka.log.LogCleaner)
[2021-11-30 16:50:27,548] INFO [kafka-log-cleaner-thread-0]: Stopped (kafka.log.LogCleaner)
[2021-11-30 16:50:27,548] INFO [kafka-log-cleaner-thread-0]: Shutdown completed (kafka.log.LogCleaner)
[2021-11-30 16:50:48,277] INFO Starting the log cleaner (kafka.log.LogCleaner)
[2021-11-30 16:50:48,350] INFO [kafka-log-cleaner-thread-0]: Starting (kafka.log.LogCleaner)
[2021-12-04 10:13:51,085] INFO Starting the log cleaner (kafka.log.LogCleaner)
[2021-12-04 10:13:51,170] INFO [kafka-log-cleaner-thread-0]: Starting (kafka.log.LogCleaner)
[2021-12-04 12:33:06,466] INFO Starting the log cleaner (kafka.log.LogCleaner)
[2021-12-04 12:33:06,586] INFO [kafka-log-cleaner-thread-0]: Starting (kafka.log.LogCleaner)
[2021-12-04 12:33:08,039] INFO Shutting down the log cleaner. (kafka.log.LogCleaner)
[2021-12-04 12:33:08,039] INFO [kafka-log-cleaner-thread-0]: Shutting down (kafka.log.LogCleaner)
[2021-12-04 12:33:08,039] INFO [kafka-log-cleaner-thread-0]: Stopped (kafka.log.LogCleaner)
[2021-12-04 12:33:08,039] INFO [kafka-log-cleaner-thread-0]: Shutdown completed (kafka.log.LogCleaner)
[2021-12-04 12:33:16,093] INFO Starting the log cleaner (kafka.log.LogCleaner)
[2021-12-04 12:33:16,183] INFO [kafka-log-cleaner-thread-0]: Starting (kafka.log.LogCleaner)
[2021-12-04 12:33:17,568] INFO Shutting down the log cleaner. (kafka.log.LogCleaner)
[2021-12-04 12:33:17,569] INFO [kafka-log-cleaner-thread-0]: Shutting down (kafka.log.LogCleaner)
[2021-12-04 12:33:17,569] INFO [kafka-log-cleaner-thread-0]: Stopped (kafka.log.LogCleaner)
[2021-12-04 12:33:17,569] INFO [kafka-log-cleaner-thread-0]: Shutdown completed (kafka.log.LogCleaner)
[2021-12-04 12:33:30,477] INFO Starting the log cleaner (kafka.log.LogCleaner)
[2021-12-04 12:33:30,578] INFO [kafka-log-cleaner-thread-0]: Starting (kafka.log.LogCleaner)
[2021-12-04 13:23:51,541] INFO Starting the log cleaner (kafka.log.LogCleaner)
[2021-12-04 13:23:51,632] INFO [kafka-log-cleaner-thread-0]: Starting (kafka.log.LogCleaner)
[2021-12-04 17:31:20,535] INFO Starting the log cleaner (kafka.log.LogCleaner)
[2021-12-04 17:31:20,732] INFO [kafka-log-cleaner-thread-0]: Starting (kafka.log.LogCleaner)
[2021-12-04 17:31:32,084] INFO Starting the log cleaner (kafka.log.LogCleaner)
[2021-12-04 17:31:32,159] INFO [kafka-log-cleaner-thread-0]: Starting (kafka.log.LogCleaner)
[2021-12-05 17:59:01,662] INFO Starting the log cleaner (kafka.log.LogCleaner)
[2021-12-05 17:59:01,791] INFO [kafka-log-cleaner-thread-0]: Starting (kafka.log.LogCleaner)
[2021-12-05 17:59:08,131] INFO Shutting down the log cleaner. (kafka.log.LogCleaner)
[2021-12-05 17:59:08,132] INFO [kafka-log-cleaner-thread-0]: Shutting down (kafka.log.LogCleaner)
[2021-12-05 17:59:08,132] INFO [kafka-log-cleaner-thread-0]: Stopped (kafka.log.LogCleaner)
[2021-12-05 17:59:08,132] INFO [kafka-log-cleaner-thread-0]: Shutdown completed (kafka.log.LogCleaner)
[2021-12-05 18:00:24,197] INFO Starting the log cleaner (kafka.log.LogCleaner)
[2021-12-05 18:00:24,332] INFO [kafka-log-cleaner-thread-0]: Starting (kafka.log.LogCleaner)
[2021-12-05 19:24:19,218] INFO Starting the log cleaner (kafka.log.LogCleaner)
[2021-12-05 19:24:19,314] INFO [kafka-log-cleaner-thread-0]: Starting (kafka.log.LogCleaner)
