[2021-11-06 12:03:31,163] INFO [Controller id=0 epoch=39] Sending UpdateMetadata request to brokers Set(0) for 0 partitions (state.change.logger)
[2021-11-06 12:03:31,188] INFO [Controller id=0 epoch=39] Sending LeaderAndIsr request to broker 0 with 5 become-leader and 0 become-follower partitions (state.change.logger)
[2021-11-06 12:03:31,192] INFO [Controller id=0 epoch=39] Sending UpdateMetadata request to brokers Set(0) for 5 partitions (state.change.logger)
[2021-11-06 12:03:31,261] INFO [Broker id=0] Handling LeaderAndIsr request correlationId 1 from controller 0 for 5 partitions (state.change.logger)
[2021-11-06 12:03:31,281] INFO [Broker id=0] Stopped fetchers as part of LeaderAndIsr request correlationId 1 from controller 0 epoch 39 as part of the become-leader transition for 5 partitions (state.change.logger)
[2021-11-06 12:03:31,291] INFO [Broker id=0] Leader comprobarUsuario-0 starts at leader epoch 0 from offset 30 with high watermark 30 ISR [0] addingReplicas [] removingReplicas []. Previous leader epoch was -1. (state.change.logger)
[2021-11-06 12:03:31,293] INFO [Broker id=0] Leader enviarSensor-0 starts at leader epoch 0 from offset 4935 with high watermark 4935 ISR [0] addingReplicas [] removingReplicas []. Previous leader epoch was -1. (state.change.logger)
[2021-11-06 12:03:31,293] INFO [Broker id=0] Leader respuestaComprobarUsuario-0 starts at leader epoch 0 from offset 28 with high watermark 28 ISR [0] addingReplicas [] removingReplicas []. Previous leader epoch was -1. (state.change.logger)
[2021-11-06 12:03:31,294] INFO [Broker id=0] Leader enviarMovimiento-0 starts at leader epoch 0 from offset 2994 with high watermark 2994 ISR [0] addingReplicas [] removingReplicas []. Previous leader epoch was -1. (state.change.logger)
[2021-11-06 12:03:31,294] INFO [Broker id=0] Leader enviarMapa-0 starts at leader epoch 0 from offset 1845 with high watermark 1845 ISR [0] addingReplicas [] removingReplicas []. Previous leader epoch was -1. (state.change.logger)
[2021-11-06 12:03:31,302] INFO [Broker id=0] Finished LeaderAndIsr request in 44ms correlationId 1 from controller 0 for 5 partitions (state.change.logger)
[2021-11-06 12:03:31,308] INFO [Broker id=0] Add 5 partitions and deleted 0 partitions from metadata cache in response to UpdateMetadata request sent by controller 0 epoch 39 with correlation id 2 (state.change.logger)
[2021-11-17 21:03:56,952] INFO [Controller id=0 epoch=40] Sending UpdateMetadata request to brokers Set(0) for 0 partitions (state.change.logger)
[2021-11-17 21:03:57,000] INFO [Controller id=0 epoch=40] Sending LeaderAndIsr request to broker 0 with 5 become-leader and 0 become-follower partitions (state.change.logger)
[2021-11-17 21:03:57,003] INFO [Controller id=0 epoch=40] Sending UpdateMetadata request to brokers Set(0) for 5 partitions (state.change.logger)
[2021-11-17 21:03:57,138] INFO [Broker id=0] Handling LeaderAndIsr request correlationId 1 from controller 0 for 5 partitions (state.change.logger)
[2021-11-17 21:03:57,170] INFO [Broker id=0] Stopped fetchers as part of LeaderAndIsr request correlationId 1 from controller 0 epoch 40 as part of the become-leader transition for 5 partitions (state.change.logger)
[2021-11-17 21:03:57,194] INFO [Broker id=0] Leader comprobarUsuario-0 starts at leader epoch 0 from offset 32 with high watermark 32 ISR [0] addingReplicas [] removingReplicas []. Previous leader epoch was -1. (state.change.logger)
[2021-11-17 21:03:57,199] INFO [Broker id=0] Leader enviarSensor-0 starts at leader epoch 0 from offset 5509 with high watermark 5509 ISR [0] addingReplicas [] removingReplicas []. Previous leader epoch was -1. (state.change.logger)
[2021-11-17 21:03:57,200] INFO [Broker id=0] Leader respuestaComprobarUsuario-0 starts at leader epoch 0 from offset 30 with high watermark 30 ISR [0] addingReplicas [] removingReplicas []. Previous leader epoch was -1. (state.change.logger)
[2021-11-17 21:03:57,200] INFO [Broker id=0] Leader enviarMovimiento-0 starts at leader epoch 0 from offset 3081 with high watermark 3081 ISR [0] addingReplicas [] removingReplicas []. Previous leader epoch was -1. (state.change.logger)
[2021-11-17 21:03:57,201] INFO [Broker id=0] Leader enviarMapa-0 starts at leader epoch 0 from offset 2089 with high watermark 2089 ISR [0] addingReplicas [] removingReplicas []. Previous leader epoch was -1. (state.change.logger)
[2021-11-17 21:03:57,215] INFO [Broker id=0] Finished LeaderAndIsr request in 79ms correlationId 1 from controller 0 for 5 partitions (state.change.logger)
[2021-11-17 21:03:57,232] INFO [Broker id=0] Add 5 partitions and deleted 0 partitions from metadata cache in response to UpdateMetadata request sent by controller 0 epoch 40 with correlation id 2 (state.change.logger)
[2021-11-17 21:04:53,607] INFO [Controller id=0 epoch=41] Sending UpdateMetadata request to brokers Set(0) for 0 partitions (state.change.logger)
[2021-11-17 21:04:53,635] INFO [Controller id=0 epoch=41] Sending LeaderAndIsr request to broker 0 with 5 become-leader and 0 become-follower partitions (state.change.logger)
[2021-11-17 21:04:53,638] INFO [Controller id=0 epoch=41] Sending UpdateMetadata request to brokers Set(0) for 5 partitions (state.change.logger)
[2021-11-17 21:04:53,707] INFO [Broker id=0] Handling LeaderAndIsr request correlationId 1 from controller 0 for 5 partitions (state.change.logger)
[2021-11-17 21:04:53,726] INFO [Broker id=0] Stopped fetchers as part of LeaderAndIsr request correlationId 1 from controller 0 epoch 41 as part of the become-leader transition for 5 partitions (state.change.logger)
[2021-11-17 21:04:53,738] INFO [Broker id=0] Leader comprobarUsuario-0 starts at leader epoch 0 from offset 32 with high watermark 32 ISR [0] addingReplicas [] removingReplicas []. Previous leader epoch was -1. (state.change.logger)
[2021-11-17 21:04:53,740] INFO [Broker id=0] Leader enviarSensor-0 starts at leader epoch 0 from offset 5509 with high watermark 5509 ISR [0] addingReplicas [] removingReplicas []. Previous leader epoch was -1. (state.change.logger)
[2021-11-17 21:04:53,740] INFO [Broker id=0] Leader respuestaComprobarUsuario-0 starts at leader epoch 0 from offset 30 with high watermark 30 ISR [0] addingReplicas [] removingReplicas []. Previous leader epoch was -1. (state.change.logger)
[2021-11-17 21:04:53,741] INFO [Broker id=0] Leader enviarMovimiento-0 starts at leader epoch 0 from offset 3081 with high watermark 3081 ISR [0] addingReplicas [] removingReplicas []. Previous leader epoch was -1. (state.change.logger)
[2021-11-17 21:04:53,741] INFO [Broker id=0] Leader enviarMapa-0 starts at leader epoch 0 from offset 2089 with high watermark 2089 ISR [0] addingReplicas [] removingReplicas []. Previous leader epoch was -1. (state.change.logger)
[2021-11-17 21:04:53,750] INFO [Broker id=0] Finished LeaderAndIsr request in 43ms correlationId 1 from controller 0 for 5 partitions (state.change.logger)
[2021-11-17 21:04:53,758] INFO [Broker id=0] Add 5 partitions and deleted 0 partitions from metadata cache in response to UpdateMetadata request sent by controller 0 epoch 41 with correlation id 2 (state.change.logger)
[2021-11-17 21:08:22,206] INFO [Controller id=0 epoch=42] Sending UpdateMetadata request to brokers Set(0) for 0 partitions (state.change.logger)
[2021-11-17 21:08:22,234] INFO [Controller id=0 epoch=42] Sending LeaderAndIsr request to broker 0 with 5 become-leader and 0 become-follower partitions (state.change.logger)
[2021-11-17 21:08:22,236] INFO [Controller id=0 epoch=42] Sending UpdateMetadata request to brokers Set(0) for 5 partitions (state.change.logger)
[2021-11-17 21:08:22,341] INFO [Broker id=0] Handling LeaderAndIsr request correlationId 1 from controller 0 for 5 partitions (state.change.logger)
[2021-11-17 21:08:22,376] INFO [Broker id=0] Stopped fetchers as part of LeaderAndIsr request correlationId 1 from controller 0 epoch 42 as part of the become-leader transition for 5 partitions (state.change.logger)
[2021-11-17 21:08:22,412] INFO [Broker id=0] Leader comprobarUsuario-0 starts at leader epoch 0 from offset 32 with high watermark 32 ISR [0] addingReplicas [] removingReplicas []. Previous leader epoch was -1. (state.change.logger)
[2021-11-17 21:08:22,429] INFO [Broker id=0] Leader enviarSensor-0 starts at leader epoch 0 from offset 5509 with high watermark 5509 ISR [0] addingReplicas [] removingReplicas []. Previous leader epoch was -1. (state.change.logger)
[2021-11-17 21:08:22,431] INFO [Broker id=0] Leader respuestaComprobarUsuario-0 starts at leader epoch 0 from offset 30 with high watermark 30 ISR [0] addingReplicas [] removingReplicas []. Previous leader epoch was -1. (state.change.logger)
[2021-11-17 21:08:22,434] INFO [Broker id=0] Leader enviarMovimiento-0 starts at leader epoch 0 from offset 3081 with high watermark 3081 ISR [0] addingReplicas [] removingReplicas []. Previous leader epoch was -1. (state.change.logger)
[2021-11-17 21:08:22,437] INFO [Broker id=0] Leader enviarMapa-0 starts at leader epoch 0 from offset 2091 with high watermark 2089 ISR [0] addingReplicas [] removingReplicas []. Previous leader epoch was -1. (state.change.logger)
[2021-11-17 21:08:22,461] INFO [Broker id=0] Finished LeaderAndIsr request in 118ms correlationId 1 from controller 0 for 5 partitions (state.change.logger)
[2021-11-17 21:08:22,483] INFO [Broker id=0] Add 5 partitions and deleted 0 partitions from metadata cache in response to UpdateMetadata request sent by controller 0 epoch 42 with correlation id 2 (state.change.logger)
[2021-11-17 21:10:28,003] INFO [Controller id=0 epoch=43] Sending UpdateMetadata request to brokers Set(0) for 0 partitions (state.change.logger)
[2021-11-17 21:10:28,037] INFO [Controller id=0 epoch=43] Sending LeaderAndIsr request to broker 0 with 5 become-leader and 0 become-follower partitions (state.change.logger)
[2021-11-17 21:10:28,040] INFO [Controller id=0 epoch=43] Sending UpdateMetadata request to brokers Set(0) for 5 partitions (state.change.logger)
[2021-11-17 21:10:28,120] INFO [Broker id=0] Handling LeaderAndIsr request correlationId 1 from controller 0 for 5 partitions (state.change.logger)
[2021-11-17 21:10:28,142] INFO [Broker id=0] Stopped fetchers as part of LeaderAndIsr request correlationId 1 from controller 0 epoch 43 as part of the become-leader transition for 5 partitions (state.change.logger)
[2021-11-17 21:10:28,221] INFO [Broker id=0] Leader comprobarUsuario-0 starts at leader epoch 0 from offset 0 with high watermark 0 ISR [0] addingReplicas [] removingReplicas []. Previous leader epoch was -1. (state.change.logger)
[2021-11-17 21:10:28,241] INFO [Broker id=0] Leader enviarSensor-0 starts at leader epoch 0 from offset 0 with high watermark 0 ISR [0] addingReplicas [] removingReplicas []. Previous leader epoch was -1. (state.change.logger)
[2021-11-17 21:10:28,256] INFO [Broker id=0] Leader respuestaComprobarUsuario-0 starts at leader epoch 0 from offset 0 with high watermark 0 ISR [0] addingReplicas [] removingReplicas []. Previous leader epoch was -1. (state.change.logger)
[2021-11-17 21:10:28,269] INFO [Broker id=0] Leader enviarMovimiento-0 starts at leader epoch 0 from offset 0 with high watermark 0 ISR [0] addingReplicas [] removingReplicas []. Previous leader epoch was -1. (state.change.logger)
[2021-11-17 21:10:28,284] INFO [Broker id=0] Leader enviarMapa-0 starts at leader epoch 0 from offset 0 with high watermark 0 ISR [0] addingReplicas [] removingReplicas []. Previous leader epoch was -1. (state.change.logger)
[2021-11-17 21:10:28,303] INFO [Broker id=0] Finished LeaderAndIsr request in 184ms correlationId 1 from controller 0 for 5 partitions (state.change.logger)
[2021-11-17 21:10:28,315] INFO [Broker id=0] Add 5 partitions and deleted 0 partitions from metadata cache in response to UpdateMetadata request sent by controller 0 epoch 43 with correlation id 2 (state.change.logger)
[2021-11-27 12:07:44,196] INFO [Controller id=0 epoch=44] Sending UpdateMetadata request to brokers Set(0) for 0 partitions (state.change.logger)
[2021-11-27 12:07:44,248] INFO [Controller id=0 epoch=44] Sending LeaderAndIsr request to broker 0 with 5 become-leader and 0 become-follower partitions (state.change.logger)
[2021-11-27 12:07:44,252] INFO [Controller id=0 epoch=44] Sending UpdateMetadata request to brokers Set(0) for 5 partitions (state.change.logger)
[2021-11-27 12:07:44,344] INFO [Broker id=0] Handling LeaderAndIsr request correlationId 1 from controller 0 for 5 partitions (state.change.logger)
[2021-11-27 12:07:44,365] INFO [Broker id=0] Stopped fetchers as part of LeaderAndIsr request correlationId 1 from controller 0 epoch 44 as part of the become-leader transition for 5 partitions (state.change.logger)
[2021-11-27 12:07:44,384] INFO [Broker id=0] Leader comprobarUsuario-0 starts at leader epoch 0 from offset 3 with high watermark 3 ISR [0] addingReplicas [] removingReplicas []. Previous leader epoch was -1. (state.change.logger)
[2021-11-27 12:07:44,390] INFO [Broker id=0] Leader enviarSensor-0 starts at leader epoch 0 from offset 142 with high watermark 142 ISR [0] addingReplicas [] removingReplicas []. Previous leader epoch was -1. (state.change.logger)
[2021-11-27 12:07:44,391] INFO [Broker id=0] Leader respuestaComprobarUsuario-0 starts at leader epoch 0 from offset 3 with high watermark 3 ISR [0] addingReplicas [] removingReplicas []. Previous leader epoch was -1. (state.change.logger)
[2021-11-27 12:07:44,391] INFO [Broker id=0] Leader enviarMovimiento-0 starts at leader epoch 0 from offset 579 with high watermark 579 ISR [0] addingReplicas [] removingReplicas []. Previous leader epoch was -1. (state.change.logger)
[2021-11-27 12:07:44,392] INFO [Broker id=0] Leader enviarMapa-0 starts at leader epoch 0 from offset 388 with high watermark 388 ISR [0] addingReplicas [] removingReplicas []. Previous leader epoch was -1. (state.change.logger)
[2021-11-27 12:07:44,401] INFO [Broker id=0] Finished LeaderAndIsr request in 59ms correlationId 1 from controller 0 for 5 partitions (state.change.logger)
[2021-11-27 12:07:44,410] INFO [Broker id=0] Add 5 partitions and deleted 0 partitions from metadata cache in response to UpdateMetadata request sent by controller 0 epoch 44 with correlation id 2 (state.change.logger)
[2021-11-27 12:09:29,599] INFO [Controller id=0 epoch=45] Sending UpdateMetadata request to brokers Set(0) for 0 partitions (state.change.logger)
[2021-11-27 12:09:29,641] INFO [Controller id=0 epoch=45] Sending LeaderAndIsr request to broker 0 with 5 become-leader and 0 become-follower partitions (state.change.logger)
[2021-11-27 12:09:29,643] INFO [Controller id=0 epoch=45] Sending UpdateMetadata request to brokers Set(0) for 5 partitions (state.change.logger)
[2021-11-27 12:09:29,722] INFO [Broker id=0] Handling LeaderAndIsr request correlationId 1 from controller 0 for 5 partitions (state.change.logger)
[2021-11-27 12:09:29,761] INFO [Broker id=0] Stopped fetchers as part of LeaderAndIsr request correlationId 1 from controller 0 epoch 45 as part of the become-leader transition for 5 partitions (state.change.logger)
[2021-11-27 12:09:29,860] INFO [Broker id=0] Leader comprobarUsuario-0 starts at leader epoch 0 from offset 0 with high watermark 0 ISR [0] addingReplicas [] removingReplicas []. Previous leader epoch was -1. (state.change.logger)
[2021-11-27 12:09:29,883] INFO [Broker id=0] Leader enviarSensor-0 starts at leader epoch 0 from offset 0 with high watermark 0 ISR [0] addingReplicas [] removingReplicas []. Previous leader epoch was -1. (state.change.logger)
[2021-11-27 12:09:29,901] INFO [Broker id=0] Leader respuestaComprobarUsuario-0 starts at leader epoch 0 from offset 0 with high watermark 0 ISR [0] addingReplicas [] removingReplicas []. Previous leader epoch was -1. (state.change.logger)
[2021-11-27 12:09:29,914] INFO [Broker id=0] Leader enviarMovimiento-0 starts at leader epoch 0 from offset 0 with high watermark 0 ISR [0] addingReplicas [] removingReplicas []. Previous leader epoch was -1. (state.change.logger)
[2021-11-27 12:09:29,934] INFO [Broker id=0] Leader enviarMapa-0 starts at leader epoch 0 from offset 0 with high watermark 0 ISR [0] addingReplicas [] removingReplicas []. Previous leader epoch was -1. (state.change.logger)
[2021-11-27 12:09:29,950] INFO [Broker id=0] Finished LeaderAndIsr request in 234ms correlationId 1 from controller 0 for 5 partitions (state.change.logger)
[2021-11-27 12:09:29,962] INFO [Broker id=0] Add 5 partitions and deleted 0 partitions from metadata cache in response to UpdateMetadata request sent by controller 0 epoch 45 with correlation id 2 (state.change.logger)
[2021-11-29 13:50:01,785] INFO [Controller id=0 epoch=46] Sending UpdateMetadata request to brokers Set(0) for 0 partitions (state.change.logger)
[2021-11-29 13:50:01,858] INFO [Controller id=0 epoch=46] Sending LeaderAndIsr request to broker 0 with 5 become-leader and 0 become-follower partitions (state.change.logger)
[2021-11-29 13:50:01,866] INFO [Controller id=0 epoch=46] Sending UpdateMetadata request to brokers Set(0) for 5 partitions (state.change.logger)
[2021-11-29 13:50:02,018] INFO [Broker id=0] Handling LeaderAndIsr request correlationId 1 from controller 0 for 5 partitions (state.change.logger)
[2021-11-29 13:50:02,057] INFO [Broker id=0] Stopped fetchers as part of LeaderAndIsr request correlationId 1 from controller 0 epoch 46 as part of the become-leader transition for 5 partitions (state.change.logger)
[2021-11-29 13:50:02,079] INFO [Broker id=0] Leader comprobarUsuario-0 starts at leader epoch 0 from offset 31 with high watermark 31 ISR [0] addingReplicas [] removingReplicas []. Previous leader epoch was -1. (state.change.logger)
[2021-11-29 13:50:02,082] INFO [Broker id=0] Leader enviarSensor-0 starts at leader epoch 0 from offset 0 with high watermark 0 ISR [0] addingReplicas [] removingReplicas []. Previous leader epoch was -1. (state.change.logger)
[2021-11-29 13:50:02,091] INFO [Broker id=0] Leader respuestaComprobarUsuario-0 starts at leader epoch 0 from offset 20 with high watermark 20 ISR [0] addingReplicas [] removingReplicas []. Previous leader epoch was -1. (state.change.logger)
[2021-11-29 13:50:02,092] INFO [Broker id=0] Leader enviarMovimiento-0 starts at leader epoch 0 from offset 688 with high watermark 688 ISR [0] addingReplicas [] removingReplicas []. Previous leader epoch was -1. (state.change.logger)
[2021-11-29 13:50:02,092] INFO [Broker id=0] Leader enviarMapa-0 starts at leader epoch 0 from offset 1743 with high watermark 1743 ISR [0] addingReplicas [] removingReplicas []. Previous leader epoch was -1. (state.change.logger)
[2021-11-29 13:50:02,106] INFO [Broker id=0] Finished LeaderAndIsr request in 90ms correlationId 1 from controller 0 for 5 partitions (state.change.logger)
[2021-11-29 13:50:02,117] INFO [Broker id=0] Add 5 partitions and deleted 0 partitions from metadata cache in response to UpdateMetadata request sent by controller 0 epoch 46 with correlation id 2 (state.change.logger)
[2021-11-29 16:28:49,132] INFO [Controller id=0 epoch=47] Sending UpdateMetadata request to brokers Set(0) for 0 partitions (state.change.logger)
[2021-11-29 16:28:49,182] INFO [Controller id=0 epoch=47] Sending LeaderAndIsr request to broker 0 with 5 become-leader and 0 become-follower partitions (state.change.logger)
[2021-11-29 16:28:49,188] INFO [Controller id=0 epoch=47] Sending UpdateMetadata request to brokers Set(0) for 5 partitions (state.change.logger)
[2021-11-29 16:28:49,305] INFO [Broker id=0] Handling LeaderAndIsr request correlationId 1 from controller 0 for 5 partitions (state.change.logger)
[2021-11-29 16:28:49,336] INFO [Broker id=0] Stopped fetchers as part of LeaderAndIsr request correlationId 1 from controller 0 epoch 47 as part of the become-leader transition for 5 partitions (state.change.logger)
[2021-11-29 16:28:49,360] INFO [Broker id=0] Leader comprobarUsuario-0 starts at leader epoch 0 from offset 34 with high watermark 34 ISR [0] addingReplicas [] removingReplicas []. Previous leader epoch was -1. (state.change.logger)
[2021-11-29 16:28:49,364] INFO [Broker id=0] Leader enviarSensor-0 starts at leader epoch 0 from offset 129 with high watermark 129 ISR [0] addingReplicas [] removingReplicas []. Previous leader epoch was -1. (state.change.logger)
[2021-11-29 16:28:49,364] INFO [Broker id=0] Leader respuestaComprobarUsuario-0 starts at leader epoch 0 from offset 23 with high watermark 23 ISR [0] addingReplicas [] removingReplicas []. Previous leader epoch was -1. (state.change.logger)
[2021-11-29 16:28:49,365] INFO [Broker id=0] Leader enviarMovimiento-0 starts at leader epoch 0 from offset 2974 with high watermark 2974 ISR [0] addingReplicas [] removingReplicas []. Previous leader epoch was -1. (state.change.logger)
[2021-11-29 16:28:49,366] INFO [Broker id=0] Leader enviarMapa-0 starts at leader epoch 0 from offset 2964 with high watermark 2964 ISR [0] addingReplicas [] removingReplicas []. Previous leader epoch was -1. (state.change.logger)
[2021-11-29 16:28:49,377] INFO [Broker id=0] Finished LeaderAndIsr request in 74ms correlationId 1 from controller 0 for 5 partitions (state.change.logger)
[2021-11-29 16:28:49,390] INFO [Broker id=0] Add 5 partitions and deleted 0 partitions from metadata cache in response to UpdateMetadata request sent by controller 0 epoch 47 with correlation id 2 (state.change.logger)
[2021-11-30 15:20:59,192] INFO [Controller id=0 epoch=48] Sending UpdateMetadata request to brokers Set(0) for 0 partitions (state.change.logger)
[2021-11-30 15:20:59,232] INFO [Controller id=0 epoch=48] Sending LeaderAndIsr request to broker 0 with 5 become-leader and 0 become-follower partitions (state.change.logger)
[2021-11-30 15:20:59,235] INFO [Controller id=0 epoch=48] Sending UpdateMetadata request to brokers Set(0) for 5 partitions (state.change.logger)
[2021-11-30 15:20:59,360] INFO [Broker id=0] Handling LeaderAndIsr request correlationId 1 from controller 0 for 5 partitions (state.change.logger)
[2021-11-30 15:20:59,391] INFO [Broker id=0] Stopped fetchers as part of LeaderAndIsr request correlationId 1 from controller 0 epoch 48 as part of the become-leader transition for 5 partitions (state.change.logger)
[2021-11-30 15:20:59,412] INFO [Broker id=0] Leader comprobarUsuario-0 starts at leader epoch 0 from offset 45 with high watermark 45 ISR [0] addingReplicas [] removingReplicas []. Previous leader epoch was -1. (state.change.logger)
[2021-11-30 15:20:59,415] INFO [Broker id=0] Leader enviarSensor-0 starts at leader epoch 0 from offset 160 with high watermark 160 ISR [0] addingReplicas [] removingReplicas []. Previous leader epoch was -1. (state.change.logger)
[2021-11-30 15:20:59,416] INFO [Broker id=0] Leader respuestaComprobarUsuario-0 starts at leader epoch 0 from offset 34 with high watermark 34 ISR [0] addingReplicas [] removingReplicas []. Previous leader epoch was -1. (state.change.logger)
[2021-11-30 15:20:59,417] INFO [Broker id=0] Leader enviarMovimiento-0 starts at leader epoch 0 from offset 3467 with high watermark 3462 ISR [0] addingReplicas [] removingReplicas []. Previous leader epoch was -1. (state.change.logger)
[2021-11-30 15:20:59,421] INFO [Broker id=0] Leader enviarMapa-0 starts at leader epoch 0 from offset 5216 with high watermark 5214 ISR [0] addingReplicas [] removingReplicas []. Previous leader epoch was -1. (state.change.logger)
[2021-11-30 15:20:59,432] INFO [Broker id=0] Finished LeaderAndIsr request in 75ms correlationId 1 from controller 0 for 5 partitions (state.change.logger)
[2021-11-30 15:20:59,444] INFO [Broker id=0] Add 5 partitions and deleted 0 partitions from metadata cache in response to UpdateMetadata request sent by controller 0 epoch 48 with correlation id 2 (state.change.logger)
[2021-11-30 16:50:49,243] INFO [Controller id=0 epoch=49] Sending UpdateMetadata request to brokers Set(0) for 0 partitions (state.change.logger)
[2021-11-30 16:50:49,281] INFO [Controller id=0 epoch=49] Sending LeaderAndIsr request to broker 0 with 5 become-leader and 0 become-follower partitions (state.change.logger)
[2021-11-30 16:50:49,286] INFO [Controller id=0 epoch=49] Sending UpdateMetadata request to brokers Set(0) for 5 partitions (state.change.logger)
[2021-11-30 16:50:49,397] INFO [Broker id=0] Handling LeaderAndIsr request correlationId 1 from controller 0 for 5 partitions (state.change.logger)
[2021-11-30 16:50:49,420] INFO [Broker id=0] Stopped fetchers as part of LeaderAndIsr request correlationId 1 from controller 0 epoch 49 as part of the become-leader transition for 5 partitions (state.change.logger)
[2021-11-30 16:50:49,439] INFO [Broker id=0] Leader comprobarUsuario-0 starts at leader epoch 0 from offset 58 with high watermark 58 ISR [0] addingReplicas [] removingReplicas []. Previous leader epoch was -1. (state.change.logger)
[2021-11-30 16:50:49,443] INFO [Broker id=0] Leader enviarSensor-0 starts at leader epoch 0 from offset 365 with high watermark 365 ISR [0] addingReplicas [] removingReplicas []. Previous leader epoch was -1. (state.change.logger)
[2021-11-30 16:50:49,444] INFO [Broker id=0] Leader respuestaComprobarUsuario-0 starts at leader epoch 0 from offset 47 with high watermark 47 ISR [0] addingReplicas [] removingReplicas []. Previous leader epoch was -1. (state.change.logger)
[2021-11-30 16:50:49,446] INFO [Broker id=0] Leader enviarMovimiento-0 starts at leader epoch 0 from offset 4744 with high watermark 4744 ISR [0] addingReplicas [] removingReplicas []. Previous leader epoch was -1. (state.change.logger)
[2021-11-30 16:50:49,446] INFO [Broker id=0] Leader enviarMapa-0 starts at leader epoch 0 from offset 6476 with high watermark 6476 ISR [0] addingReplicas [] removingReplicas []. Previous leader epoch was -1. (state.change.logger)
[2021-11-30 16:50:49,453] INFO [Broker id=0] Finished LeaderAndIsr request in 59ms correlationId 1 from controller 0 for 5 partitions (state.change.logger)
[2021-11-30 16:50:49,462] INFO [Broker id=0] Add 5 partitions and deleted 0 partitions from metadata cache in response to UpdateMetadata request sent by controller 0 epoch 49 with correlation id 2 (state.change.logger)
[2021-12-04 10:14:05,623] INFO [Controller id=0 epoch=50] Sending UpdateMetadata request to brokers Set(0) for 0 partitions (state.change.logger)
[2021-12-04 10:14:05,675] INFO [Controller id=0 epoch=50] Sending LeaderAndIsr request to broker 0 with 5 become-leader and 0 become-follower partitions (state.change.logger)
[2021-12-04 10:14:05,678] INFO [Controller id=0 epoch=50] Sending UpdateMetadata request to brokers Set(0) for 5 partitions (state.change.logger)
[2021-12-04 10:14:05,896] INFO [Broker id=0] Handling LeaderAndIsr request correlationId 1 from controller 0 for 5 partitions (state.change.logger)
[2021-12-04 10:14:05,981] INFO [Broker id=0] Stopped fetchers as part of LeaderAndIsr request correlationId 1 from controller 0 epoch 50 as part of the become-leader transition for 5 partitions (state.change.logger)
[2021-12-04 10:14:06,008] INFO [Broker id=0] Leader comprobarUsuario-0 starts at leader epoch 0 from offset 83 with high watermark 83 ISR [0] addingReplicas [] removingReplicas []. Previous leader epoch was -1. (state.change.logger)
[2021-12-04 10:14:06,011] INFO [Broker id=0] Leader enviarSensor-0 starts at leader epoch 0 from offset 481 with high watermark 481 ISR [0] addingReplicas [] removingReplicas []. Previous leader epoch was -1. (state.change.logger)
[2021-12-04 10:14:06,012] INFO [Broker id=0] Leader respuestaComprobarUsuario-0 starts at leader epoch 0 from offset 66 with high watermark 66 ISR [0] addingReplicas [] removingReplicas []. Previous leader epoch was -1. (state.change.logger)
[2021-12-04 10:14:06,012] INFO [Broker id=0] Leader enviarMovimiento-0 starts at leader epoch 0 from offset 5969 with high watermark 5969 ISR [0] addingReplicas [] removingReplicas []. Previous leader epoch was -1. (state.change.logger)
[2021-12-04 10:14:06,013] INFO [Broker id=0] Leader enviarMapa-0 starts at leader epoch 0 from offset 7295 with high watermark 7295 ISR [0] addingReplicas [] removingReplicas []. Previous leader epoch was -1. (state.change.logger)
[2021-12-04 10:14:06,024] INFO [Broker id=0] Finished LeaderAndIsr request in 129ms correlationId 1 from controller 0 for 5 partitions (state.change.logger)
[2021-12-04 10:14:06,033] INFO [Broker id=0] Add 5 partitions and deleted 0 partitions from metadata cache in response to UpdateMetadata request sent by controller 0 epoch 50 with correlation id 2 (state.change.logger)
[2021-12-04 12:33:31,740] INFO [Controller id=0 epoch=51] Sending UpdateMetadata request to brokers Set(0) for 0 partitions (state.change.logger)
[2021-12-04 12:33:31,797] INFO [Controller id=0 epoch=51] Sending LeaderAndIsr request to broker 0 with 5 become-leader and 0 become-follower partitions (state.change.logger)
[2021-12-04 12:33:31,801] INFO [Controller id=0 epoch=51] Sending UpdateMetadata request to brokers Set(0) for 5 partitions (state.change.logger)
[2021-12-04 12:33:31,924] INFO [Broker id=0] Handling LeaderAndIsr request correlationId 1 from controller 0 for 5 partitions (state.change.logger)
[2021-12-04 12:33:31,957] INFO [Broker id=0] Stopped fetchers as part of LeaderAndIsr request correlationId 1 from controller 0 epoch 51 as part of the become-leader transition for 5 partitions (state.change.logger)
[2021-12-04 12:33:31,988] INFO [Broker id=0] Leader comprobarUsuario-0 starts at leader epoch 0 from offset 90 with high watermark 90 ISR [0] addingReplicas [] removingReplicas []. Previous leader epoch was -1. (state.change.logger)
[2021-12-04 12:33:31,992] INFO [Broker id=0] Leader enviarSensor-0 starts at leader epoch 0 from offset 864 with high watermark 864 ISR [0] addingReplicas [] removingReplicas []. Previous leader epoch was -1. (state.change.logger)
[2021-12-04 12:33:31,993] INFO [Broker id=0] Leader respuestaComprobarUsuario-0 starts at leader epoch 0 from offset 73 with high watermark 73 ISR [0] addingReplicas [] removingReplicas []. Previous leader epoch was -1. (state.change.logger)
[2021-12-04 12:33:31,995] INFO [Broker id=0] Leader enviarMovimiento-0 starts at leader epoch 0 from offset 6243 with high watermark 6243 ISR [0] addingReplicas [] removingReplicas []. Previous leader epoch was -1. (state.change.logger)
[2021-12-04 12:33:31,996] INFO [Broker id=0] Leader enviarMapa-0 starts at leader epoch 0 from offset 8214 with high watermark 8214 ISR [0] addingReplicas [] removingReplicas []. Previous leader epoch was -1. (state.change.logger)
[2021-12-04 12:33:32,006] INFO [Broker id=0] Finished LeaderAndIsr request in 84ms correlationId 1 from controller 0 for 5 partitions (state.change.logger)
[2021-12-04 12:33:32,022] INFO [Broker id=0] Add 5 partitions and deleted 0 partitions from metadata cache in response to UpdateMetadata request sent by controller 0 epoch 51 with correlation id 2 (state.change.logger)
[2021-12-04 13:23:58,156] INFO [Controller id=0 epoch=52] Sending UpdateMetadata request to brokers Set(0) for 0 partitions (state.change.logger)
[2021-12-04 13:23:58,196] INFO [Controller id=0 epoch=52] Sending LeaderAndIsr request to broker 0 with 5 become-leader and 0 become-follower partitions (state.change.logger)
[2021-12-04 13:23:58,199] INFO [Controller id=0 epoch=52] Sending UpdateMetadata request to brokers Set(0) for 5 partitions (state.change.logger)
[2021-12-04 13:23:58,296] INFO [Broker id=0] Handling LeaderAndIsr request correlationId 1 from controller 0 for 5 partitions (state.change.logger)
[2021-12-04 13:23:58,322] INFO [Broker id=0] Stopped fetchers as part of LeaderAndIsr request correlationId 1 from controller 0 epoch 52 as part of the become-leader transition for 5 partitions (state.change.logger)
[2021-12-04 13:23:58,337] INFO [Broker id=0] Leader comprobarUsuario-0 starts at leader epoch 0 from offset 92 with high watermark 92 ISR [0] addingReplicas [] removingReplicas []. Previous leader epoch was -1. (state.change.logger)
[2021-12-04 13:23:58,343] INFO [Broker id=0] Leader enviarSensor-0 starts at leader epoch 0 from offset 883 with high watermark 883 ISR [0] addingReplicas [] removingReplicas []. Previous leader epoch was -1. (state.change.logger)
[2021-12-04 13:23:58,344] INFO [Broker id=0] Leader respuestaComprobarUsuario-0 starts at leader epoch 0 from offset 75 with high watermark 75 ISR [0] addingReplicas [] removingReplicas []. Previous leader epoch was -1. (state.change.logger)
[2021-12-04 13:23:58,344] INFO [Broker id=0] Leader enviarMovimiento-0 starts at leader epoch 0 from offset 6337 with high watermark 6337 ISR [0] addingReplicas [] removingReplicas []. Previous leader epoch was -1. (state.change.logger)
[2021-12-04 13:23:58,345] INFO [Broker id=0] Leader enviarMapa-0 starts at leader epoch 0 from offset 8308 with high watermark 8308 ISR [0] addingReplicas [] removingReplicas []. Previous leader epoch was -1. (state.change.logger)
[2021-12-04 13:23:58,352] INFO [Broker id=0] Finished LeaderAndIsr request in 56ms correlationId 1 from controller 0 for 5 partitions (state.change.logger)
[2021-12-04 13:23:58,362] INFO [Broker id=0] Add 5 partitions and deleted 0 partitions from metadata cache in response to UpdateMetadata request sent by controller 0 epoch 52 with correlation id 2 (state.change.logger)
[2021-12-04 17:31:37,350] INFO [Controller id=0 epoch=53] Sending UpdateMetadata request to brokers Set(0) for 0 partitions (state.change.logger)
[2021-12-04 17:31:37,380] INFO [Controller id=0 epoch=53] Sending LeaderAndIsr request to broker 0 with 5 become-leader and 0 become-follower partitions (state.change.logger)
[2021-12-04 17:31:37,384] INFO [Controller id=0 epoch=53] Sending UpdateMetadata request to brokers Set(0) for 5 partitions (state.change.logger)
[2021-12-04 17:31:37,463] INFO [Broker id=0] Handling LeaderAndIsr request correlationId 1 from controller 0 for 5 partitions (state.change.logger)
[2021-12-04 17:31:37,483] INFO [Broker id=0] Stopped fetchers as part of LeaderAndIsr request correlationId 1 from controller 0 epoch 53 as part of the become-leader transition for 5 partitions (state.change.logger)
[2021-12-04 17:31:37,495] INFO [Broker id=0] Leader comprobarUsuario-0 starts at leader epoch 0 from offset 92 with high watermark 92 ISR [0] addingReplicas [] removingReplicas []. Previous leader epoch was -1. (state.change.logger)
[2021-12-04 17:31:37,497] INFO [Broker id=0] Leader enviarSensor-0 starts at leader epoch 0 from offset 883 with high watermark 883 ISR [0] addingReplicas [] removingReplicas []. Previous leader epoch was -1. (state.change.logger)
[2021-12-04 17:31:37,497] INFO [Broker id=0] Leader respuestaComprobarUsuario-0 starts at leader epoch 0 from offset 75 with high watermark 75 ISR [0] addingReplicas [] removingReplicas []. Previous leader epoch was -1. (state.change.logger)
[2021-12-04 17:31:37,497] INFO [Broker id=0] Leader enviarMovimiento-0 starts at leader epoch 0 from offset 6337 with high watermark 6337 ISR [0] addingReplicas [] removingReplicas []. Previous leader epoch was -1. (state.change.logger)
[2021-12-04 17:31:37,497] INFO [Broker id=0] Leader enviarMapa-0 starts at leader epoch 0 from offset 8308 with high watermark 8308 ISR [0] addingReplicas [] removingReplicas []. Previous leader epoch was -1. (state.change.logger)
[2021-12-04 17:31:37,504] INFO [Broker id=0] Finished LeaderAndIsr request in 42ms correlationId 1 from controller 0 for 5 partitions (state.change.logger)
[2021-12-04 17:31:37,511] INFO [Broker id=0] Add 5 partitions and deleted 0 partitions from metadata cache in response to UpdateMetadata request sent by controller 0 epoch 53 with correlation id 2 (state.change.logger)
[2021-12-05 18:00:30,130] INFO [Controller id=0 epoch=54] Sending UpdateMetadata request to brokers Set(0) for 0 partitions (state.change.logger)
[2021-12-05 18:00:30,183] INFO [Controller id=0 epoch=54] Sending LeaderAndIsr request to broker 0 with 5 become-leader and 0 become-follower partitions (state.change.logger)
[2021-12-05 18:00:30,190] INFO [Controller id=0 epoch=54] Sending UpdateMetadata request to brokers Set(0) for 5 partitions (state.change.logger)
[2021-12-05 18:00:30,320] INFO [Broker id=0] Handling LeaderAndIsr request correlationId 1 from controller 0 for 5 partitions (state.change.logger)
[2021-12-05 18:00:30,362] INFO [Broker id=0] Stopped fetchers as part of LeaderAndIsr request correlationId 1 from controller 0 epoch 54 as part of the become-leader transition for 5 partitions (state.change.logger)
[2021-12-05 18:00:30,386] INFO [Broker id=0] Leader comprobarUsuario-0 starts at leader epoch 0 from offset 94 with high watermark 94 ISR [0] addingReplicas [] removingReplicas []. Previous leader epoch was -1. (state.change.logger)
[2021-12-05 18:00:30,390] INFO [Broker id=0] Leader enviarSensor-0 starts at leader epoch 0 from offset 1337 with high watermark 1336 ISR [0] addingReplicas [] removingReplicas []. Previous leader epoch was -1. (state.change.logger)
[2021-12-05 18:00:30,396] INFO [Broker id=0] Leader respuestaComprobarUsuario-0 starts at leader epoch 0 from offset 77 with high watermark 77 ISR [0] addingReplicas [] removingReplicas []. Previous leader epoch was -1. (state.change.logger)
[2021-12-05 18:00:30,397] INFO [Broker id=0] Leader enviarMovimiento-0 starts at leader epoch 0 from offset 6337 with high watermark 6337 ISR [0] addingReplicas [] removingReplicas []. Previous leader epoch was -1. (state.change.logger)
[2021-12-05 18:00:30,397] INFO [Broker id=0] Leader enviarMapa-0 starts at leader epoch 0 from offset 10397 with high watermark 10396 ISR [0] addingReplicas [] removingReplicas []. Previous leader epoch was -1. (state.change.logger)
[2021-12-05 18:00:30,411] INFO [Broker id=0] Finished LeaderAndIsr request in 94ms correlationId 1 from controller 0 for 5 partitions (state.change.logger)
[2021-12-05 18:00:30,425] INFO [Broker id=0] Add 5 partitions and deleted 0 partitions from metadata cache in response to UpdateMetadata request sent by controller 0 epoch 54 with correlation id 2 (state.change.logger)
[2021-12-05 19:24:24,960] INFO [Controller id=0 epoch=55] Sending UpdateMetadata request to brokers Set(0) for 0 partitions (state.change.logger)
[2021-12-05 19:24:25,007] INFO [Controller id=0 epoch=55] Sending LeaderAndIsr request to broker 0 with 5 become-leader and 0 become-follower partitions (state.change.logger)
[2021-12-05 19:24:25,010] INFO [Controller id=0 epoch=55] Sending UpdateMetadata request to brokers Set(0) for 5 partitions (state.change.logger)
[2021-12-05 19:24:25,175] INFO [Broker id=0] Handling LeaderAndIsr request correlationId 1 from controller 0 for 5 partitions (state.change.logger)
[2021-12-05 19:24:25,221] INFO [Broker id=0] Stopped fetchers as part of LeaderAndIsr request correlationId 1 from controller 0 epoch 55 as part of the become-leader transition for 5 partitions (state.change.logger)
[2021-12-05 19:24:25,361] INFO [Broker id=0] Leader comprobarUsuario-0 starts at leader epoch 0 from offset 0 with high watermark 0 ISR [0] addingReplicas [] removingReplicas []. Previous leader epoch was -1. (state.change.logger)
[2021-12-05 19:24:25,392] INFO [Broker id=0] Leader enviarSensor-0 starts at leader epoch 0 from offset 0 with high watermark 0 ISR [0] addingReplicas [] removingReplicas []. Previous leader epoch was -1. (state.change.logger)
[2021-12-05 19:24:25,414] INFO [Broker id=0] Leader respuestaComprobarUsuario-0 starts at leader epoch 0 from offset 0 with high watermark 0 ISR [0] addingReplicas [] removingReplicas []. Previous leader epoch was -1. (state.change.logger)
[2021-12-05 19:24:25,469] INFO [Broker id=0] Leader enviarMovimiento-0 starts at leader epoch 0 from offset 0 with high watermark 0 ISR [0] addingReplicas [] removingReplicas []. Previous leader epoch was -1. (state.change.logger)
[2021-12-05 19:24:25,488] INFO [Broker id=0] Leader enviarMapa-0 starts at leader epoch 0 from offset 0 with high watermark 0 ISR [0] addingReplicas [] removingReplicas []. Previous leader epoch was -1. (state.change.logger)
[2021-12-05 19:24:25,509] INFO [Broker id=0] Finished LeaderAndIsr request in 336ms correlationId 1 from controller 0 for 5 partitions (state.change.logger)
[2021-12-05 19:24:25,521] INFO [Broker id=0] Add 5 partitions and deleted 0 partitions from metadata cache in response to UpdateMetadata request sent by controller 0 epoch 55 with correlation id 2 (state.change.logger)
