[2021-11-06 12:03:31,163] INFO [Controller id=0 epoch=39] Sending UpdateMetadata request to brokers Set(0) for 0 partitions (state.change.logger)
[2021-11-06 12:03:31,188] INFO [Controller id=0 epoch=39] Sending LeaderAndIsr request to broker 0 with 5 become-leader and 0 become-follower partitions (state.change.logger)
[2021-11-06 12:03:31,192] INFO [Controller id=0 epoch=39] Sending UpdateMetadata request to brokers Set(0) for 5 partitions (state.change.logger)
[2021-11-06 12:03:31,261] INFO [Broker id=0] Handling LeaderAndIsr request correlationId 1 from controller 0 for 5 partitions (state.change.logger)
[2021-11-06 12:03:31,281] INFO [Broker id=0] Stopped fetchers as part of LeaderAndIsr request correlationId 1 from controller 0 epoch 39 as part of the become-leader transition for 5 partitions (state.change.logger)
[2021-11-06 12:03:31,291] INFO [Broker id=0] Leader comprobarUsuario-0 starts at leader epoch 0 from offset 30 with high watermark 30 ISR [0] addingReplicas [] removingReplicas []. Previous leader epoch was -1. (state.change.logger)
[2021-11-06 12:03:31,293] INFO [Broker id=0] Leader enviarSensor-0 starts at leader epoch 0 from offset 4935 with high watermark 4935 ISR [0] addingReplicas [] removingReplicas []. Previous leader epoch was -1. (state.change.logger)
[2021-11-06 12:03:31,293] INFO [Broker id=0] Leader respuestaComprobarUsuario-0 starts at leader epoch 0 from offset 28 with high watermark 28 ISR [0] addingReplicas [] removingReplicas []. Previous leader epoch was -1. (state.change.logger)
[2021-11-06 12:03:31,294] INFO [Broker id=0] Leader enviarMovimiento-0 starts at leader epoch 0 from offset 2994 with high watermark 2994 ISR [0] addingReplicas [] removingReplicas []. Previous leader epoch was -1. (state.change.logger)
[2021-11-06 12:03:31,294] INFO [Broker id=0] Leader enviarMapa-0 starts at leader epoch 0 from offset 1845 with high watermark 1845 ISR [0] addingReplicas [] removingReplicas []. Previous leader epoch was -1. (state.change.logger)
[2021-11-06 12:03:31,302] INFO [Broker id=0] Finished LeaderAndIsr request in 44ms correlationId 1 from controller 0 for 5 partitions (state.change.logger)
[2021-11-06 12:03:31,308] INFO [Broker id=0] Add 5 partitions and deleted 0 partitions from metadata cache in response to UpdateMetadata request sent by controller 0 epoch 39 with correlation id 2 (state.change.logger)
[2021-11-17 21:03:56,952] INFO [Controller id=0 epoch=40] Sending UpdateMetadata request to brokers Set(0) for 0 partitions (state.change.logger)
[2021-11-17 21:03:57,000] INFO [Controller id=0 epoch=40] Sending LeaderAndIsr request to broker 0 with 5 become-leader and 0 become-follower partitions (state.change.logger)
[2021-11-17 21:03:57,003] INFO [Controller id=0 epoch=40] Sending UpdateMetadata request to brokers Set(0) for 5 partitions (state.change.logger)
[2021-11-17 21:03:57,138] INFO [Broker id=0] Handling LeaderAndIsr request correlationId 1 from controller 0 for 5 partitions (state.change.logger)
[2021-11-17 21:03:57,170] INFO [Broker id=0] Stopped fetchers as part of LeaderAndIsr request correlationId 1 from controller 0 epoch 40 as part of the become-leader transition for 5 partitions (state.change.logger)
[2021-11-17 21:03:57,194] INFO [Broker id=0] Leader comprobarUsuario-0 starts at leader epoch 0 from offset 32 with high watermark 32 ISR [0] addingReplicas [] removingReplicas []. Previous leader epoch was -1. (state.change.logger)
[2021-11-17 21:03:57,199] INFO [Broker id=0] Leader enviarSensor-0 starts at leader epoch 0 from offset 5509 with high watermark 5509 ISR [0] addingReplicas [] removingReplicas []. Previous leader epoch was -1. (state.change.logger)
[2021-11-17 21:03:57,200] INFO [Broker id=0] Leader respuestaComprobarUsuario-0 starts at leader epoch 0 from offset 30 with high watermark 30 ISR [0] addingReplicas [] removingReplicas []. Previous leader epoch was -1. (state.change.logger)
[2021-11-17 21:03:57,200] INFO [Broker id=0] Leader enviarMovimiento-0 starts at leader epoch 0 from offset 3081 with high watermark 3081 ISR [0] addingReplicas [] removingReplicas []. Previous leader epoch was -1. (state.change.logger)
[2021-11-17 21:03:57,201] INFO [Broker id=0] Leader enviarMapa-0 starts at leader epoch 0 from offset 2089 with high watermark 2089 ISR [0] addingReplicas [] removingReplicas []. Previous leader epoch was -1. (state.change.logger)
[2021-11-17 21:03:57,215] INFO [Broker id=0] Finished LeaderAndIsr request in 79ms correlationId 1 from controller 0 for 5 partitions (state.change.logger)
[2021-11-17 21:03:57,232] INFO [Broker id=0] Add 5 partitions and deleted 0 partitions from metadata cache in response to UpdateMetadata request sent by controller 0 epoch 40 with correlation id 2 (state.change.logger)
[2021-11-17 21:04:53,607] INFO [Controller id=0 epoch=41] Sending UpdateMetadata request to brokers Set(0) for 0 partitions (state.change.logger)
[2021-11-17 21:04:53,635] INFO [Controller id=0 epoch=41] Sending LeaderAndIsr request to broker 0 with 5 become-leader and 0 become-follower partitions (state.change.logger)
[2021-11-17 21:04:53,638] INFO [Controller id=0 epoch=41] Sending UpdateMetadata request to brokers Set(0) for 5 partitions (state.change.logger)
[2021-11-17 21:04:53,707] INFO [Broker id=0] Handling LeaderAndIsr request correlationId 1 from controller 0 for 5 partitions (state.change.logger)
[2021-11-17 21:04:53,726] INFO [Broker id=0] Stopped fetchers as part of LeaderAndIsr request correlationId 1 from controller 0 epoch 41 as part of the become-leader transition for 5 partitions (state.change.logger)
[2021-11-17 21:04:53,738] INFO [Broker id=0] Leader comprobarUsuario-0 starts at leader epoch 0 from offset 32 with high watermark 32 ISR [0] addingReplicas [] removingReplicas []. Previous leader epoch was -1. (state.change.logger)
[2021-11-17 21:04:53,740] INFO [Broker id=0] Leader enviarSensor-0 starts at leader epoch 0 from offset 5509 with high watermark 5509 ISR [0] addingReplicas [] removingReplicas []. Previous leader epoch was -1. (state.change.logger)
[2021-11-17 21:04:53,740] INFO [Broker id=0] Leader respuestaComprobarUsuario-0 starts at leader epoch 0 from offset 30 with high watermark 30 ISR [0] addingReplicas [] removingReplicas []. Previous leader epoch was -1. (state.change.logger)
[2021-11-17 21:04:53,741] INFO [Broker id=0] Leader enviarMovimiento-0 starts at leader epoch 0 from offset 3081 with high watermark 3081 ISR [0] addingReplicas [] removingReplicas []. Previous leader epoch was -1. (state.change.logger)
[2021-11-17 21:04:53,741] INFO [Broker id=0] Leader enviarMapa-0 starts at leader epoch 0 from offset 2089 with high watermark 2089 ISR [0] addingReplicas [] removingReplicas []. Previous leader epoch was -1. (state.change.logger)
[2021-11-17 21:04:53,750] INFO [Broker id=0] Finished LeaderAndIsr request in 43ms correlationId 1 from controller 0 for 5 partitions (state.change.logger)
[2021-11-17 21:04:53,758] INFO [Broker id=0] Add 5 partitions and deleted 0 partitions from metadata cache in response to UpdateMetadata request sent by controller 0 epoch 41 with correlation id 2 (state.change.logger)
[2021-11-17 21:08:22,206] INFO [Controller id=0 epoch=42] Sending UpdateMetadata request to brokers Set(0) for 0 partitions (state.change.logger)
[2021-11-17 21:08:22,234] INFO [Controller id=0 epoch=42] Sending LeaderAndIsr request to broker 0 with 5 become-leader and 0 become-follower partitions (state.change.logger)
[2021-11-17 21:08:22,236] INFO [Controller id=0 epoch=42] Sending UpdateMetadata request to brokers Set(0) for 5 partitions (state.change.logger)
[2021-11-17 21:08:22,341] INFO [Broker id=0] Handling LeaderAndIsr request correlationId 1 from controller 0 for 5 partitions (state.change.logger)
[2021-11-17 21:08:22,376] INFO [Broker id=0] Stopped fetchers as part of LeaderAndIsr request correlationId 1 from controller 0 epoch 42 as part of the become-leader transition for 5 partitions (state.change.logger)
[2021-11-17 21:08:22,412] INFO [Broker id=0] Leader comprobarUsuario-0 starts at leader epoch 0 from offset 32 with high watermark 32 ISR [0] addingReplicas [] removingReplicas []. Previous leader epoch was -1. (state.change.logger)
[2021-11-17 21:08:22,429] INFO [Broker id=0] Leader enviarSensor-0 starts at leader epoch 0 from offset 5509 with high watermark 5509 ISR [0] addingReplicas [] removingReplicas []. Previous leader epoch was -1. (state.change.logger)
[2021-11-17 21:08:22,431] INFO [Broker id=0] Leader respuestaComprobarUsuario-0 starts at leader epoch 0 from offset 30 with high watermark 30 ISR [0] addingReplicas [] removingReplicas []. Previous leader epoch was -1. (state.change.logger)
[2021-11-17 21:08:22,434] INFO [Broker id=0] Leader enviarMovimiento-0 starts at leader epoch 0 from offset 3081 with high watermark 3081 ISR [0] addingReplicas [] removingReplicas []. Previous leader epoch was -1. (state.change.logger)
[2021-11-17 21:08:22,437] INFO [Broker id=0] Leader enviarMapa-0 starts at leader epoch 0 from offset 2091 with high watermark 2089 ISR [0] addingReplicas [] removingReplicas []. Previous leader epoch was -1. (state.change.logger)
[2021-11-17 21:08:22,461] INFO [Broker id=0] Finished LeaderAndIsr request in 118ms correlationId 1 from controller 0 for 5 partitions (state.change.logger)
[2021-11-17 21:08:22,483] INFO [Broker id=0] Add 5 partitions and deleted 0 partitions from metadata cache in response to UpdateMetadata request sent by controller 0 epoch 42 with correlation id 2 (state.change.logger)
[2021-11-17 21:10:28,003] INFO [Controller id=0 epoch=43] Sending UpdateMetadata request to brokers Set(0) for 0 partitions (state.change.logger)
[2021-11-17 21:10:28,037] INFO [Controller id=0 epoch=43] Sending LeaderAndIsr request to broker 0 with 5 become-leader and 0 become-follower partitions (state.change.logger)
[2021-11-17 21:10:28,040] INFO [Controller id=0 epoch=43] Sending UpdateMetadata request to brokers Set(0) for 5 partitions (state.change.logger)
[2021-11-17 21:10:28,120] INFO [Broker id=0] Handling LeaderAndIsr request correlationId 1 from controller 0 for 5 partitions (state.change.logger)
[2021-11-17 21:10:28,142] INFO [Broker id=0] Stopped fetchers as part of LeaderAndIsr request correlationId 1 from controller 0 epoch 43 as part of the become-leader transition for 5 partitions (state.change.logger)
[2021-11-17 21:10:28,221] INFO [Broker id=0] Leader comprobarUsuario-0 starts at leader epoch 0 from offset 0 with high watermark 0 ISR [0] addingReplicas [] removingReplicas []. Previous leader epoch was -1. (state.change.logger)
[2021-11-17 21:10:28,241] INFO [Broker id=0] Leader enviarSensor-0 starts at leader epoch 0 from offset 0 with high watermark 0 ISR [0] addingReplicas [] removingReplicas []. Previous leader epoch was -1. (state.change.logger)
[2021-11-17 21:10:28,256] INFO [Broker id=0] Leader respuestaComprobarUsuario-0 starts at leader epoch 0 from offset 0 with high watermark 0 ISR [0] addingReplicas [] removingReplicas []. Previous leader epoch was -1. (state.change.logger)
[2021-11-17 21:10:28,269] INFO [Broker id=0] Leader enviarMovimiento-0 starts at leader epoch 0 from offset 0 with high watermark 0 ISR [0] addingReplicas [] removingReplicas []. Previous leader epoch was -1. (state.change.logger)
[2021-11-17 21:10:28,284] INFO [Broker id=0] Leader enviarMapa-0 starts at leader epoch 0 from offset 0 with high watermark 0 ISR [0] addingReplicas [] removingReplicas []. Previous leader epoch was -1. (state.change.logger)
[2021-11-17 21:10:28,303] INFO [Broker id=0] Finished LeaderAndIsr request in 184ms correlationId 1 from controller 0 for 5 partitions (state.change.logger)
[2021-11-17 21:10:28,315] INFO [Broker id=0] Add 5 partitions and deleted 0 partitions from metadata cache in response to UpdateMetadata request sent by controller 0 epoch 43 with correlation id 2 (state.change.logger)
